{"/home/alpha/Documents/DOCKER/covid19-leaflet-docker/src/App.vue": {"path":"/home/alpha/Documents/DOCKER/covid19-leaflet-docker/src/App.vue","statementMap":{"0":{"start":{"line":14,"column":0},"end":{"line":14,"column":null}},"1":{"start":{"line":15,"column":0},"end":{"line":15,"column":null}},"2":{"start":{"line":16,"column":0},"end":{"line":16,"column":null}},"3":{"start":{"line":27,"column":0},"end":{"line":27,"column":null}}},"fnMap":{"0":{"name":"(anonymous_1)","decl":{"start":{"line":26,"column":0},"end":{"line":26,"column":null}},"loc":{"start":{"line":26,"column":0},"end":{"line":28,"column":null}}}},"branchMap":{"0":{"loc":{"start":{"line":27,"column":0},"end":{"line":27,"column":null}},"type":"cond-expr","locations":[{"start":{"line":27,"column":0},"end":{"line":27,"column":null}},{"start":{"line":27,"column":0},"end":{"line":27,"column":null}}]}},"s":{"0":1,"1":1,"2":1,"3":1},"f":{"0":1},"b":{"0":[0,1]}}
,"/home/alpha/Documents/DOCKER/covid19-leaflet-docker/src/components/dashboard/ChartSummaryCountry.vue": {"path":"/home/alpha/Documents/DOCKER/covid19-leaflet-docker/src/components/dashboard/ChartSummaryCountry.vue","statementMap":{"0":{"start":{"line":64,"column":0},"end":{"line":64,"column":null}},"1":{"start":{"line":65,"column":0},"end":{"line":65,"column":null}},"2":{"start":{"line":66,"column":0},"end":{"line":66,"column":null}},"3":{"start":{"line":73,"column":0},"end":{"line":73,"column":null}},"4":{"start":{"line":123,"column":0},"end":{"line":123,"column":null}},"5":{"start":{"line":126,"column":0},"end":{"line":128,"column":null}},"6":{"start":{"line":127,"column":0},"end":{"line":127,"column":null}},"7":{"start":{"line":132,"column":0},"end":{"line":132,"column":null}},"8":{"start":{"line":136,"column":0},"end":{"line":165,"column":null}},"9":{"start":{"line":151,"column":0},"end":{"line":151,"column":null}},"10":{"start":{"line":152,"column":0},"end":{"line":152,"column":null}},"11":{"start":{"line":153,"column":0},"end":{"line":153,"column":null}},"12":{"start":{"line":154,"column":0},"end":{"line":154,"column":null}},"13":{"start":{"line":174,"column":0},"end":{"line":174,"column":null}},"14":{"start":{"line":187,"column":0},"end":{"line":187,"column":null}},"15":{"start":{"line":188,"column":0},"end":{"line":188,"column":null}},"16":{"start":{"line":189,"column":0},"end":{"line":189,"column":null}},"17":{"start":{"line":191,"column":0},"end":{"line":191,"column":null}},"18":{"start":{"line":192,"column":0},"end":{"line":192,"column":null}},"19":{"start":{"line":196,"column":0},"end":{"line":196,"column":null}},"20":{"start":{"line":198,"column":0},"end":{"line":198,"column":null}},"21":{"start":{"line":199,"column":0},"end":{"line":199,"column":null}},"22":{"start":{"line":203,"column":0},"end":{"line":203,"column":null}},"23":{"start":{"line":205,"column":0},"end":{"line":205,"column":null}},"24":{"start":{"line":206,"column":0},"end":{"line":206,"column":null}},"25":{"start":{"line":210,"column":0},"end":{"line":210,"column":null}},"26":{"start":{"line":212,"column":0},"end":{"line":212,"column":null}},"27":{"start":{"line":213,"column":0},"end":{"line":213,"column":null}},"28":{"start":{"line":217,"column":0},"end":{"line":217,"column":null}},"29":{"start":{"line":219,"column":0},"end":{"line":219,"column":null}},"30":{"start":{"line":223,"column":0},"end":{"line":223,"column":null}}},"fnMap":{"0":{"name":"(anonymous_1)","decl":{"start":{"line":72,"column":0},"end":{"line":72,"column":null}},"loc":{"start":{"line":72,"column":0},"end":{"line":117,"column":null}}},"1":{"name":"(anonymous_2)","decl":{"start":{"line":122,"column":0},"end":{"line":122,"column":null}},"loc":{"start":{"line":122,"column":0},"end":{"line":124,"column":null}}},"2":{"name":"(anonymous_3)","decl":{"start":{"line":125,"column":0},"end":{"line":125,"column":null}},"loc":{"start":{"line":125,"column":0},"end":{"line":129,"column":null}}},"3":{"name":"(anonymous_4)","decl":{"start":{"line":131,"column":0},"end":{"line":131,"column":null}},"loc":{"start":{"line":131,"column":0},"end":{"line":133,"column":null}}},"4":{"name":"(anonymous_5)","decl":{"start":{"line":135,"column":0},"end":{"line":135,"column":null}},"loc":{"start":{"line":135,"column":0},"end":{"line":172,"column":null}}},"5":{"name":"(anonymous_6)","decl":{"start":{"line":136,"column":0},"end":{"line":136,"column":null}},"loc":{"start":{"line":136,"column":0},"end":{"line":165,"column":null}}},"6":{"name":"(anonymous_8)","decl":{"start":{"line":173,"column":0},"end":{"line":173,"column":null}},"loc":{"start":{"line":173,"column":0},"end":{"line":185,"column":null}}},"7":{"name":"(anonymous_9)","decl":{"start":{"line":186,"column":0},"end":{"line":186,"column":null}},"loc":{"start":{"line":186,"column":0},"end":{"line":226,"column":null}}}},"branchMap":{"0":{"loc":{"start":{"line":126,"column":0},"end":{"line":128,"column":null}},"type":"if","locations":[{"start":{"line":126,"column":0},"end":{"line":128,"column":null}},{"start":{"line":126,"column":0},"end":{"line":128,"column":null}}]},"1":{"loc":{"start":{"line":176,"column":0},"end":{"line":176,"column":null}},"type":"cond-expr","locations":[{"start":{"line":176,"column":0},"end":{"line":176,"column":null}},{"start":{"line":176,"column":0},"end":{"line":176,"column":null}}]},"2":{"loc":{"start":{"line":179,"column":0},"end":{"line":179,"column":null}},"type":"cond-expr","locations":[{"start":{"line":179,"column":0},"end":{"line":179,"column":null}},{"start":{"line":179,"column":0},"end":{"line":179,"column":null}}]},"3":{"loc":{"start":{"line":181,"column":0},"end":{"line":181,"column":null}},"type":"cond-expr","locations":[{"start":{"line":181,"column":0},"end":{"line":181,"column":null}},{"start":{"line":181,"column":0},"end":{"line":181,"column":null}}]},"4":{"loc":{"start":{"line":190,"column":0},"end":{"line":196,"column":null}},"type":"switch","locations":[{"start":{"line":190,"column":0},"end":{"line":196,"column":null}},{"start":{"line":197,"column":0},"end":{"line":203,"column":null}},{"start":{"line":204,"column":0},"end":{"line":210,"column":null}},{"start":{"line":211,"column":0},"end":{"line":217,"column":null}},{"start":{"line":218,"column":0},"end":{"line":223,"column":null}},{"start":{"line":224,"column":0},"end":{"line":224,"column":null}}]}},"s":{"0":2,"1":2,"2":2,"3":0,"4":0,"5":0,"6":0,"7":0,"8":0,"9":0,"10":0,"11":0,"12":0,"13":0,"14":0,"15":0,"16":0,"17":0,"18":0,"19":0,"20":0,"21":0,"22":0,"23":0,"24":0,"25":0,"26":0,"27":0,"28":0,"29":0,"30":0},"f":{"0":0,"1":0,"2":0,"3":0,"4":0,"5":0,"6":0,"7":0},"b":{"0":[0,0],"1":[0,0],"2":[0,0],"3":[0,0],"4":[0,0,0,0,0,0]}}
,"/home/alpha/Documents/DOCKER/covid19-leaflet-docker/src/components/dashboard/SummaryCountry.vue": {"path":"/home/alpha/Documents/DOCKER/covid19-leaflet-docker/src/components/dashboard/SummaryCountry.vue","statementMap":{"0":{"start":{"line":22,"column":0},"end":{"line":22,"column":null}},"1":{"start":{"line":23,"column":0},"end":{"line":23,"column":null}},"2":{"start":{"line":27,"column":0},"end":{"line":27,"column":null}},"3":{"start":{"line":33,"column":0},"end":{"line":33,"column":null}},"4":{"start":{"line":40,"column":0},"end":{"line":40,"column":null}},"5":{"start":{"line":44,"column":0},"end":{"line":44,"column":null}},"6":{"start":{"line":45,"column":0},"end":{"line":45,"column":null}},"7":{"start":{"line":46,"column":0},"end":{"line":48,"column":null}},"8":{"start":{"line":47,"column":0},"end":{"line":47,"column":null}}},"fnMap":{"0":{"name":"(anonymous_1)","decl":{"start":{"line":26,"column":0},"end":{"line":26,"column":null}},"loc":{"start":{"line":26,"column":0},"end":{"line":30,"column":null}}},"1":{"name":"(anonymous_2)","decl":{"start":{"line":32,"column":0},"end":{"line":32,"column":null}},"loc":{"start":{"line":32,"column":0},"end":{"line":34,"column":null}}},"2":{"name":"(anonymous_3)","decl":{"start":{"line":39,"column":0},"end":{"line":39,"column":null}},"loc":{"start":{"line":39,"column":0},"end":{"line":41,"column":null}}},"3":{"name":"(anonymous_4)","decl":{"start":{"line":43,"column":0},"end":{"line":43,"column":null}},"loc":{"start":{"line":43,"column":0},"end":{"line":49,"column":null}}},"4":{"name":"(anonymous_5)","decl":{"start":{"line":46,"column":0},"end":{"line":46,"column":null}},"loc":{"start":{"line":46,"column":0},"end":{"line":48,"column":null}}}},"branchMap":{"0":{"loc":{"start":{"line":47,"column":0},"end":{"line":47,"column":null}},"type":"if","locations":[{"start":{"line":47,"column":0},"end":{"line":47,"column":null}},{"start":{"line":47,"column":0},"end":{"line":47,"column":null}}]}},"s":{"0":3,"1":3,"2":2,"3":0,"4":2,"5":2,"6":0,"7":0,"8":0},"f":{"0":2,"1":0,"2":2,"3":2,"4":0},"b":{"0":[0,0]}}
,"/home/alpha/Documents/DOCKER/covid19-leaflet-docker/src/components/dashboard/SummaryGlobal.vue": {"path":"/home/alpha/Documents/DOCKER/covid19-leaflet-docker/src/components/dashboard/SummaryGlobal.vue","statementMap":{"0":{"start":{"line":14,"column":0},"end":{"line":14,"column":null}},"1":{"start":{"line":18,"column":0},"end":{"line":18,"column":null}},"2":{"start":{"line":24,"column":0},"end":{"line":24,"column":null}}},"fnMap":{"0":{"name":"(anonymous_1)","decl":{"start":{"line":17,"column":0},"end":{"line":17,"column":null}},"loc":{"start":{"line":17,"column":0},"end":{"line":22,"column":null}}},"1":{"name":"(anonymous_2)","decl":{"start":{"line":23,"column":0},"end":{"line":23,"column":null}},"loc":{"start":{"line":23,"column":0},"end":{"line":32,"column":null}}},"2":{"name":"(anonymous_3)","decl":{"start":{"line":24,"column":0},"end":{"line":24,"column":null}},"loc":{"start":{"line":24,"column":0},"end":{"line":24,"column":null}}}},"branchMap":{},"s":{"0":2,"1":0,"2":0},"f":{"0":0,"1":0,"2":0},"b":{}}
,"/home/alpha/Documents/DOCKER/covid19-leaflet-docker/src/components/map/LeafletMap.vue": {"path":"/home/alpha/Documents/DOCKER/covid19-leaflet-docker/src/components/map/LeafletMap.vue","statementMap":{"0":{"start":{"line":38,"column":0},"end":{"line":38,"column":null}},"1":{"start":{"line":39,"column":0},"end":{"line":39,"column":null}},"2":{"start":{"line":40,"column":0},"end":{"line":40,"column":null}},"3":{"start":{"line":41,"column":0},"end":{"line":41,"column":null}},"4":{"start":{"line":42,"column":0},"end":{"line":42,"column":null}},"5":{"start":{"line":43,"column":0},"end":{"line":43,"column":null}},"6":{"start":{"line":44,"column":0},"end":{"line":44,"column":null}},"7":{"start":{"line":46,"column":0},"end":{"line":46,"column":null}},"8":{"start":{"line":47,"column":0},"end":{"line":47,"column":null}},"9":{"start":{"line":63,"column":0},"end":{"line":63,"column":null}},"10":{"start":{"line":78,"column":0},"end":{"line":80,"column":null}},"11":{"start":{"line":79,"column":0},"end":{"line":79,"column":null}},"12":{"start":{"line":84,"column":0},"end":{"line":84,"column":null}},"13":{"start":{"line":85,"column":0},"end":{"line":85,"column":null}},"14":{"start":{"line":86,"column":0},"end":{"line":90,"column":null}},"15":{"start":{"line":87,"column":0},"end":{"line":89,"column":null}},"16":{"start":{"line":88,"column":0},"end":{"line":88,"column":null}},"17":{"start":{"line":94,"column":0},"end":{"line":94,"column":null}},"18":{"start":{"line":95,"column":0},"end":{"line":95,"column":null}},"19":{"start":{"line":97,"column":0},"end":{"line":97,"column":null}},"20":{"start":{"line":100,"column":0},"end":{"line":100,"column":null}},"21":{"start":{"line":101,"column":0},"end":{"line":114,"column":null}},"22":{"start":{"line":104,"column":0},"end":{"line":104,"column":null}},"23":{"start":{"line":105,"column":0},"end":{"line":113,"column":null}},"24":{"start":{"line":106,"column":0},"end":{"line":106,"column":null}},"25":{"start":{"line":110,"column":0},"end":{"line":110,"column":null}},"26":{"start":{"line":112,"column":0},"end":{"line":112,"column":null}},"27":{"start":{"line":117,"column":0},"end":{"line":131,"column":null}},"28":{"start":{"line":117,"column":0},"end":{"line":117,"column":null}},"29":{"start":{"line":122,"column":0},"end":{"line":122,"column":null}}},"fnMap":{"0":{"name":"(anonymous_1)","decl":{"start":{"line":62,"column":0},"end":{"line":62,"column":null}},"loc":{"start":{"line":62,"column":0},"end":{"line":72,"column":null}}},"1":{"name":"(anonymous_2)","decl":{"start":{"line":77,"column":0},"end":{"line":77,"column":null}},"loc":{"start":{"line":77,"column":0},"end":{"line":81,"column":null}}},"2":{"name":"(anonymous_3)","decl":{"start":{"line":83,"column":0},"end":{"line":83,"column":null}},"loc":{"start":{"line":83,"column":0},"end":{"line":91,"column":null}}},"3":{"name":"(anonymous_4)","decl":{"start":{"line":86,"column":0},"end":{"line":86,"column":null}},"loc":{"start":{"line":86,"column":0},"end":{"line":90,"column":null}}},"4":{"name":"(anonymous_5)","decl":{"start":{"line":87,"column":0},"end":{"line":87,"column":null}},"loc":{"start":{"line":87,"column":0},"end":{"line":89,"column":null}}},"5":{"name":"(anonymous_6)","decl":{"start":{"line":94,"column":0},"end":{"line":94,"column":null}},"loc":{"start":{"line":94,"column":0},"end":{"line":94,"column":null}}},"6":{"name":"(anonymous_7)","decl":{"start":{"line":95,"column":0},"end":{"line":95,"column":null}},"loc":{"start":{"line":95,"column":0},"end":{"line":95,"column":null}}},"7":{"name":"(anonymous_8)","decl":{"start":{"line":96,"column":0},"end":{"line":96,"column":null}},"loc":{"start":{"line":96,"column":0},"end":{"line":98,"column":null}}},"8":{"name":"(anonymous_9)","decl":{"start":{"line":99,"column":0},"end":{"line":99,"column":null}},"loc":{"start":{"line":99,"column":0},"end":{"line":115,"column":null}}},"9":{"name":"(anonymous_10)","decl":{"start":{"line":101,"column":0},"end":{"line":101,"column":null}},"loc":{"start":{"line":101,"column":0},"end":{"line":114,"column":null}}},"10":{"name":"(anonymous_11)","decl":{"start":{"line":116,"column":0},"end":{"line":116,"column":null}},"loc":{"start":{"line":116,"column":0},"end":{"line":132,"column":null}}}},"branchMap":{"0":{"loc":{"start":{"line":78,"column":0},"end":{"line":80,"column":null}},"type":"if","locations":[{"start":{"line":78,"column":0},"end":{"line":80,"column":null}},{"start":{"line":78,"column":0},"end":{"line":80,"column":null}}]},"1":{"loc":{"start":{"line":78,"column":0},"end":{"line":78,"column":null}},"type":"binary-expr","locations":[{"start":{"line":78,"column":0},"end":{"line":78,"column":null}},{"start":{"line":78,"column":0},"end":{"line":78,"column":null}}]},"2":{"loc":{"start":{"line":105,"column":0},"end":{"line":113,"column":null}},"type":"if","locations":[{"start":{"line":105,"column":0},"end":{"line":113,"column":null}},{"start":{"line":105,"column":0},"end":{"line":113,"column":null}}]}},"s":{"0":2,"1":2,"2":2,"3":2,"4":2,"5":2,"6":2,"7":2,"8":2,"9":0,"10":0,"11":0,"12":0,"13":0,"14":0,"15":0,"16":0,"17":0,"18":0,"19":0,"20":0,"21":0,"22":0,"23":0,"24":0,"25":0,"26":0,"27":0,"28":0,"29":0},"f":{"0":0,"1":0,"2":0,"3":0,"4":0,"5":0,"6":0,"7":0,"8":0,"9":0,"10":0},"b":{"0":[0,0],"1":[0,0],"2":[0,0]}}
,"/home/alpha/Documents/DOCKER/covid19-leaflet-docker/src/components/map/plugins/Vue2LeafletMarkercluster.vue": {"path":"/home/alpha/Documents/DOCKER/covid19-leaflet-docker/src/components/map/plugins/Vue2LeafletMarkercluster.vue","statementMap":{"0":{"start":{"line":8,"column":0},"end":{"line":8,"column":null}},"1":{"start":{"line":9,"column":0},"end":{"line":9,"column":null}},"2":{"start":{"line":10,"column":0},"end":{"line":10,"column":null}},"3":{"start":{"line":12,"column":0},"end":{"line":12,"column":null}},"4":{"start":{"line":15,"column":0},"end":{"line":15,"column":null}},"5":{"start":{"line":21,"column":0},"end":{"line":21,"column":null}},"6":{"start":{"line":26,"column":0},"end":{"line":26,"column":null}},"7":{"start":{"line":27,"column":0},"end":{"line":27,"column":null}},"8":{"start":{"line":28,"column":0},"end":{"line":28,"column":null}},"9":{"start":{"line":29,"column":0},"end":{"line":29,"column":null}},"10":{"start":{"line":30,"column":0},"end":{"line":30,"column":null}},"11":{"start":{"line":31,"column":0},"end":{"line":31,"column":null}},"12":{"start":{"line":32,"column":0},"end":{"line":34,"column":null}},"13":{"start":{"line":33,"column":0},"end":{"line":33,"column":null}},"14":{"start":{"line":37,"column":0},"end":{"line":37,"column":null}},"15":{"start":{"line":41,"column":0},"end":{"line":43,"column":null}},"16":{"start":{"line":42,"column":0},"end":{"line":42,"column":null}},"17":{"start":{"line":46,"column":0},"end":{"line":48,"column":null}},"18":{"start":{"line":47,"column":0},"end":{"line":47,"column":null}}},"fnMap":{"0":{"name":"(anonymous_1)","decl":{"start":{"line":15,"column":0},"end":{"line":15,"column":null}},"loc":{"start":{"line":15,"column":0},"end":{"line":15,"column":null}}},"1":{"name":"(anonymous_2)","decl":{"start":{"line":20,"column":0},"end":{"line":20,"column":null}},"loc":{"start":{"line":20,"column":0},"end":{"line":24,"column":null}}},"2":{"name":"(anonymous_3)","decl":{"start":{"line":25,"column":0},"end":{"line":25,"column":null}},"loc":{"start":{"line":25,"column":0},"end":{"line":35,"column":null}}},"3":{"name":"(anonymous_4)","decl":{"start":{"line":32,"column":0},"end":{"line":32,"column":null}},"loc":{"start":{"line":32,"column":0},"end":{"line":34,"column":null}}},"4":{"name":"(anonymous_5)","decl":{"start":{"line":36,"column":0},"end":{"line":36,"column":null}},"loc":{"start":{"line":36,"column":0},"end":{"line":38,"column":null}}},"5":{"name":"(anonymous_6)","decl":{"start":{"line":40,"column":0},"end":{"line":40,"column":null}},"loc":{"start":{"line":40,"column":0},"end":{"line":44,"column":null}}},"6":{"name":"(anonymous_7)","decl":{"start":{"line":45,"column":0},"end":{"line":45,"column":null}},"loc":{"start":{"line":45,"column":0},"end":{"line":49,"column":null}}}},"branchMap":{"0":{"loc":{"start":{"line":41,"column":0},"end":{"line":43,"column":null}},"type":"if","locations":[{"start":{"line":41,"column":0},"end":{"line":43,"column":null}},{"start":{"line":41,"column":0},"end":{"line":43,"column":null}}]},"1":{"loc":{"start":{"line":46,"column":0},"end":{"line":48,"column":null}},"type":"if","locations":[{"start":{"line":46,"column":0},"end":{"line":48,"column":null}},{"start":{"line":46,"column":0},"end":{"line":48,"column":null}}]}},"s":{"0":2,"1":2,"2":2,"3":2,"4":0,"5":0,"6":0,"7":0,"8":0,"9":0,"10":0,"11":0,"12":0,"13":0,"14":0,"15":0,"16":0,"17":0,"18":0},"f":{"0":0,"1":0,"2":0,"3":0,"4":0,"5":0,"6":0},"b":{"0":[0,0],"1":[0,0]}}
,"/home/alpha/Documents/DOCKER/covid19-leaflet-docker/src/components/map/plugins/leaflet-tilelayer-subpixel-fix.js": {"path":"/home/alpha/Documents/DOCKER/covid19-leaflet-docker/src/components/map/plugins/leaflet-tilelayer-subpixel-fix.js","statementMap":{"0":{"start":{"line":4,"column":0},"end":{"line":19,"column":5}},"1":{"start":{"line":5,"column":2},"end":{"line":5,"column":59}},"2":{"start":{"line":5,"column":52},"end":{"line":5,"column":59}},"3":{"start":{"line":7,"column":27},"end":{"line":7,"column":58}},"4":{"start":{"line":9,"column":2},"end":{"line":18,"column":5}},"5":{"start":{"line":11,"column":6},"end":{"line":11,"column":40}},"6":{"start":{"line":13,"column":23},"end":{"line":13,"column":41}},"7":{"start":{"line":15,"column":6},"end":{"line":15,"column":47}},"8":{"start":{"line":16,"column":6},"end":{"line":16,"column":48}}},"fnMap":{"0":{"name":"(anonymous_0)","decl":{"start":{"line":4,"column":1},"end":{"line":4,"column":2}},"loc":{"start":{"line":4,"column":13},"end":{"line":19,"column":1}},"line":4},"1":{"name":"(anonymous_1)","decl":{"start":{"line":10,"column":4},"end":{"line":10,"column":5}},"loc":{"start":{"line":10,"column":20},"end":{"line":17,"column":5}},"line":10}},"branchMap":{"0":{"loc":{"start":{"line":5,"column":2},"end":{"line":5,"column":59}},"type":"if","locations":[{"start":{"line":5,"column":2},"end":{"line":5,"column":59}},{"start":{"line":5,"column":2},"end":{"line":5,"column":59}}],"line":5},"1":{"loc":{"start":{"line":5,"column":6},"end":{"line":5,"column":50}},"type":"binary-expr","locations":[{"start":{"line":5,"column":6},"end":{"line":5,"column":8}},{"start":{"line":5,"column":12},"end":{"line":5,"column":24}},{"start":{"line":5,"column":28},"end":{"line":5,"column":50}}],"line":5}},"s":{"0":2,"1":2,"2":0,"3":2,"4":2,"5":0,"6":0,"7":0,"8":0},"f":{"0":2,"1":0},"b":{"0":[0,2],"1":[2,2,2]},"_coverageSchema":"43e27e138ebf9cfc5966b082cf9a028302ed4184","hash":"27352edb93e1c21be75e6183b1573809cefbecad"}
,"/home/alpha/Documents/DOCKER/covid19-leaflet-docker/src/components/navigation/Autocomplete.vue": {"path":"/home/alpha/Documents/DOCKER/covid19-leaflet-docker/src/components/navigation/Autocomplete.vue","statementMap":{"0":{"start":{"line":18,"column":0},"end":{"line":18,"column":null}},"1":{"start":{"line":19,"column":0},"end":{"line":19,"column":null}},"2":{"start":{"line":23,"column":0},"end":{"line":23,"column":null}},"3":{"start":{"line":33,"column":0},"end":{"line":33,"column":null}},"4":{"start":{"line":34,"column":0},"end":{"line":34,"column":null}},"5":{"start":{"line":38,"column":0},"end":{"line":38,"column":null}},"6":{"start":{"line":47,"column":0},"end":{"line":47,"column":null}},"7":{"start":{"line":48,"column":0},"end":{"line":56,"column":null}},"8":{"start":{"line":49,"column":0},"end":{"line":49,"column":null}},"9":{"start":{"line":50,"column":0},"end":{"line":54,"column":null}},"10":{"start":{"line":51,"column":0},"end":{"line":53,"column":null}},"11":{"start":{"line":52,"column":0},"end":{"line":52,"column":null}},"12":{"start":{"line":55,"column":0},"end":{"line":55,"column":null}}},"fnMap":{"0":{"name":"(anonymous_1)","decl":{"start":{"line":22,"column":0},"end":{"line":22,"column":null}},"loc":{"start":{"line":22,"column":0},"end":{"line":30,"column":null}}},"1":{"name":"(anonymous_2)","decl":{"start":{"line":32,"column":0},"end":{"line":32,"column":null}},"loc":{"start":{"line":32,"column":0},"end":{"line":35,"column":null}}},"2":{"name":"(anonymous_3)","decl":{"start":{"line":37,"column":0},"end":{"line":37,"column":null}},"loc":{"start":{"line":37,"column":0},"end":{"line":43,"column":null}}},"3":{"name":"(anonymous_4)","decl":{"start":{"line":38,"column":0},"end":{"line":38,"column":null}},"loc":{"start":{"line":38,"column":0},"end":{"line":38,"column":null}}},"4":{"name":"(anonymous_5)","decl":{"start":{"line":46,"column":0},"end":{"line":46,"column":null}},"loc":{"start":{"line":46,"column":0},"end":{"line":57,"column":null}}},"5":{"name":"(anonymous_6)","decl":{"start":{"line":48,"column":0},"end":{"line":48,"column":null}},"loc":{"start":{"line":48,"column":0},"end":{"line":56,"column":null}}},"6":{"name":"(anonymous_7)","decl":{"start":{"line":50,"column":0},"end":{"line":50,"column":null}},"loc":{"start":{"line":50,"column":0},"end":{"line":54,"column":null}}}},"branchMap":{"0":{"loc":{"start":{"line":33,"column":0},"end":{"line":33,"column":null}},"type":"binary-expr","locations":[{"start":{"line":33,"column":0},"end":{"line":33,"column":null}},{"start":{"line":33,"column":0},"end":{"line":33,"column":null}},{"start":{"line":33,"column":0},"end":{"line":33,"column":null}}]},"1":{"loc":{"start":{"line":51,"column":0},"end":{"line":53,"column":null}},"type":"if","locations":[{"start":{"line":51,"column":0},"end":{"line":53,"column":null}},{"start":{"line":51,"column":0},"end":{"line":53,"column":null}}]}},"s":{"0":1,"1":1,"2":0,"3":0,"4":0,"5":0,"6":0,"7":0,"8":0,"9":0,"10":0,"11":0,"12":0},"f":{"0":0,"1":0,"2":0,"3":0,"4":0,"5":0,"6":0},"b":{"0":[0,0,0],"1":[0,0]}}
,"/home/alpha/Documents/DOCKER/covid19-leaflet-docker/src/components/navigation/DarkModeButton.vue": {"path":"/home/alpha/Documents/DOCKER/covid19-leaflet-docker/src/components/navigation/DarkModeButton.vue","statementMap":{"0":{"start":{"line":24,"column":0},"end":{"line":24,"column":null}},"1":{"start":{"line":30,"column":0},"end":{"line":30,"column":null}},"2":{"start":{"line":31,"column":0},"end":{"line":31,"column":null}}},"fnMap":{"0":{"name":"(anonymous_1)","decl":{"start":{"line":29,"column":0},"end":{"line":29,"column":null}},"loc":{"start":{"line":29,"column":0},"end":{"line":32,"column":null}}}},"branchMap":{},"s":{"0":1,"1":0,"2":0},"f":{"0":0},"b":{}}
,"/home/alpha/Documents/DOCKER/covid19-leaflet-docker/src/layouts/Navigation.vue": {"path":"/home/alpha/Documents/DOCKER/covid19-leaflet-docker/src/layouts/Navigation.vue","statementMap":{"0":{"start":{"line":13,"column":0},"end":{"line":13,"column":null}},"1":{"start":{"line":14,"column":0},"end":{"line":14,"column":null}}},"fnMap":{},"branchMap":{},"s":{"0":1,"1":1},"f":{},"b":{}}
,"/home/alpha/Documents/DOCKER/covid19-leaflet-docker/src/pages/Dashboard.vue": {"path":"/home/alpha/Documents/DOCKER/covid19-leaflet-docker/src/pages/Dashboard.vue","statementMap":{"0":{"start":{"line":30,"column":0},"end":{"line":30,"column":null}},"1":{"start":{"line":31,"column":0},"end":{"line":31,"column":null}},"2":{"start":{"line":32,"column":0},"end":{"line":32,"column":null}},"3":{"start":{"line":33,"column":0},"end":{"line":33,"column":null}},"4":{"start":{"line":37,"column":0},"end":{"line":37,"column":null}},"5":{"start":{"line":49,"column":0},"end":{"line":49,"column":null}}},"fnMap":{"0":{"name":"(anonymous_1)","decl":{"start":{"line":36,"column":0},"end":{"line":36,"column":null}},"loc":{"start":{"line":36,"column":0},"end":{"line":40,"column":null}}},"1":{"name":"(anonymous_2)","decl":{"start":{"line":48,"column":0},"end":{"line":48,"column":null}},"loc":{"start":{"line":48,"column":0},"end":{"line":50,"column":null}}}},"branchMap":{"0":{"loc":{"start":{"line":49,"column":0},"end":{"line":49,"column":null}},"type":"cond-expr","locations":[{"start":{"line":49,"column":0},"end":{"line":49,"column":null}},{"start":{"line":49,"column":0},"end":{"line":49,"column":null}}]}},"s":{"0":2,"1":2,"2":2,"3":2,"4":1,"5":0},"f":{"0":1,"1":0},"b":{"0":[0,0]}}
,"/home/alpha/Documents/DOCKER/covid19-leaflet-docker/src/plugins/vuetify.js": {"path":"/home/alpha/Documents/DOCKER/covid19-leaflet-docker/src/plugins/vuetify.js","statementMap":{"0":{"start":{"line":7,"column":0},"end":{"line":7,"column":17}},"1":{"start":{"line":8,"column":13},"end":{"line":8,"column":15}}},"fnMap":{},"branchMap":{},"s":{"0":0,"1":0},"f":{},"b":{},"hash":"47120410ac8180b9fd1802072ef6a4fbf15fb552"}
,"/home/alpha/Documents/DOCKER/covid19-leaflet-docker/src/store/index.js": {"path":"/home/alpha/Documents/DOCKER/covid19-leaflet-docker/src/store/index.js","statementMap":{"0":{"start":{"line":5,"column":0},"end":{"line":5,"column":14}},"1":{"start":{"line":7,"column":14},"end":{"line":7,"column":51}}},"fnMap":{},"branchMap":{},"s":{"0":0,"1":0},"f":{},"b":{},"hash":"881bcefbdd63b24393dbdd09def66e0bb42a12f1"}
,"/home/alpha/Documents/DOCKER/covid19-leaflet-docker/src/store/modules/map.js": {"path":"/home/alpha/Documents/DOCKER/covid19-leaflet-docker/src/store/modules/map.js","statementMap":{"0":{"start":{"line":2,"column":14},"end":{"line":3,"column":2}},"1":{"start":{"line":2,"column":21},"end":{"line":3,"column":1}},"2":{"start":{"line":5,"column":16},"end":{"line":6,"column":1}},"3":{"start":{"line":8,"column":16},"end":{"line":8,"column":18}},"4":{"start":{"line":10,"column":18},"end":{"line":10,"column":20}}},"fnMap":{"0":{"name":"(anonymous_0)","decl":{"start":{"line":2,"column":14},"end":{"line":2,"column":15}},"loc":{"start":{"line":2,"column":21},"end":{"line":3,"column":1}},"line":2}},"branchMap":{},"s":{"0":0,"1":0,"2":0,"3":0,"4":0},"f":{"0":0},"b":{},"hash":"c3d344c0c4ad138e6d7da0840e6cf507ea1e400f"}
,"/home/alpha/Documents/DOCKER/covid19-leaflet-docker/src/store/modules/navigation.js": {"path":"/home/alpha/Documents/DOCKER/covid19-leaflet-docker/src/store/modules/navigation.js","statementMap":{"0":{"start":{"line":2,"column":14},"end":{"line":6,"column":2}},"1":{"start":{"line":2,"column":21},"end":{"line":6,"column":1}},"2":{"start":{"line":9,"column":16},"end":{"line":12,"column":1}},"3":{"start":{"line":10,"column":20},"end":{"line":10,"column":31}},"4":{"start":{"line":11,"column":22},"end":{"line":11,"column":35}},"5":{"start":{"line":15,"column":16},"end":{"line":22,"column":1}},"6":{"start":{"line":17,"column":4},"end":{"line":17,"column":27}},"7":{"start":{"line":20,"column":4},"end":{"line":20,"column":31}},"8":{"start":{"line":25,"column":18},"end":{"line":32,"column":1}},"9":{"start":{"line":27,"column":4},"end":{"line":27,"column":26}},"10":{"start":{"line":30,"column":4},"end":{"line":30,"column":28}}},"fnMap":{"0":{"name":"(anonymous_0)","decl":{"start":{"line":2,"column":14},"end":{"line":2,"column":15}},"loc":{"start":{"line":2,"column":21},"end":{"line":6,"column":1}},"line":2},"1":{"name":"(anonymous_1)","decl":{"start":{"line":10,"column":9},"end":{"line":10,"column":10}},"loc":{"start":{"line":10,"column":20},"end":{"line":10,"column":31}},"line":10},"2":{"name":"(anonymous_2)","decl":{"start":{"line":11,"column":11},"end":{"line":11,"column":12}},"loc":{"start":{"line":11,"column":22},"end":{"line":11,"column":35}},"line":11},"3":{"name":"(anonymous_3)","decl":{"start":{"line":16,"column":2},"end":{"line":16,"column":3}},"loc":{"start":{"line":16,"column":33},"end":{"line":18,"column":3}},"line":16},"4":{"name":"(anonymous_4)","decl":{"start":{"line":19,"column":2},"end":{"line":19,"column":3}},"loc":{"start":{"line":19,"column":37},"end":{"line":21,"column":3}},"line":19},"5":{"name":"(anonymous_5)","decl":{"start":{"line":26,"column":2},"end":{"line":26,"column":3}},"loc":{"start":{"line":26,"column":24},"end":{"line":28,"column":3}},"line":26},"6":{"name":"(anonymous_6)","decl":{"start":{"line":29,"column":2},"end":{"line":29,"column":3}},"loc":{"start":{"line":29,"column":26},"end":{"line":31,"column":3}},"line":29}},"branchMap":{},"s":{"0":1,"1":0,"2":1,"3":0,"4":3,"5":1,"6":0,"7":0,"8":1,"9":0,"10":0},"f":{"0":0,"1":0,"2":3,"3":0,"4":0,"5":0,"6":0},"b":{},"_coverageSchema":"43e27e138ebf9cfc5966b082cf9a028302ed4184","hash":"afb88d4036f0d1d595890b030850aa3fbe61d1d3"}
}
