TN:
SF:/home/alpha/Documents/DOCKER/covid19-leaflet-docker/src/App.vue
FN:26,(anonymous_1)
FNF:1
FNH:1
FNDA:1,(anonymous_1)
DA:14,1
DA:15,1
DA:16,1
DA:27,1
LF:4
LH:4
BRDA:27,0,0,0
BRDA:27,0,1,1
BRF:2
BRH:1
end_of_record
TN:
SF:/home/alpha/Documents/DOCKER/covid19-leaflet-docker/src/components/dashboard/ChartSummaryCountry.vue
FN:99,(anonymous_1)
FN:149,(anonymous_2)
FN:152,(anonymous_3)
FN:157,(anonymous_4)
FN:161,(anonymous_5)
FN:166,(anonymous_6)
FN:172,(anonymous_7)
FN:193,(anonymous_8)
FN:206,(anonymous_9)
FNF:9
FNH:0
FNDA:0,(anonymous_1)
FNDA:0,(anonymous_2)
FNDA:0,(anonymous_3)
FNDA:0,(anonymous_4)
FNDA:0,(anonymous_5)
FNDA:0,(anonymous_6)
FNDA:0,(anonymous_7)
FNDA:0,(anonymous_8)
FNDA:0,(anonymous_9)
DA:92,2
DA:93,2
DA:100,0
DA:150,0
DA:153,0
DA:154,0
DA:158,0
DA:162,0
DA:167,0
DA:168,0
DA:169,0
DA:170,0
DA:171,0
DA:172,0
DA:173,0
DA:174,0
DA:175,0
DA:176,0
DA:194,0
DA:207,0
DA:208,0
DA:209,0
DA:211,0
DA:212,0
DA:216,0
DA:218,0
DA:219,0
DA:223,0
DA:225,0
DA:226,0
DA:230,0
DA:232,0
DA:233,0
DA:237,0
DA:239,0
DA:243,0
LF:36
LH:2
BRDA:153,0,0,0
BRDA:153,0,1,0
BRDA:196,1,0,0
BRDA:196,1,1,0
BRDA:199,2,0,0
BRDA:199,2,1,0
BRDA:201,3,0,0
BRDA:201,3,1,0
BRDA:210,4,0,0
BRDA:210,4,1,0
BRDA:210,4,2,0
BRDA:210,4,3,0
BRDA:210,4,4,0
BRDA:210,4,5,0
BRF:14
BRH:0
end_of_record
TN:
SF:/home/alpha/Documents/DOCKER/covid19-leaflet-docker/src/components/dashboard/SummaryCountry.vue
FN:30,(anonymous_1)
FNF:1
FNH:0
FNDA:0,(anonymous_1)
DA:26,3
DA:31,0
LF:2
LH:1
BRF:0
BRH:0
end_of_record
TN:
SF:/home/alpha/Documents/DOCKER/covid19-leaflet-docker/src/components/dashboard/SummaryGlobal.vue
FNF:0
FNH:0
DA:14,2
LF:1
LH:1
BRF:0
BRH:0
end_of_record
TN:
SF:/home/alpha/Documents/DOCKER/covid19-leaflet-docker/src/components/map/LeafletMap.vue
FN:61,(anonymous_1)
FN:76,(anonymous_2)
FN:81,(anonymous_3)
FN:93,(anonymous_4)
FN:96,(anonymous_5)
FN:97,(anonymous_6)
FN:104,(anonymous_7)
FN:105,(anonymous_8)
FN:106,(anonymous_9)
FN:109,(anonymous_10)
FNF:10
FNH:0
FNDA:0,(anonymous_1)
FNDA:0,(anonymous_2)
FNDA:0,(anonymous_3)
FNDA:0,(anonymous_4)
FNDA:0,(anonymous_5)
FNDA:0,(anonymous_6)
FNDA:0,(anonymous_7)
FNDA:0,(anonymous_8)
FNDA:0,(anonymous_9)
FNDA:0,(anonymous_10)
DA:38,2
DA:39,2
DA:40,2
DA:41,2
DA:42,2
DA:43,2
DA:45,2
DA:46,2
DA:62,0
DA:77,0
DA:78,0
DA:82,0
DA:85,0
DA:89,0
DA:94,0
DA:95,0
DA:96,0
DA:97,0
DA:98,0
DA:104,0
DA:105,0
DA:107,0
DA:110,0
DA:115,0
LF:24
LH:8
BRDA:77,0,0,0
BRDA:77,0,1,0
BRDA:77,1,0,0
BRDA:77,1,1,0
BRDA:82,2,0,0
BRDA:82,2,1,0
BRF:6
BRH:0
end_of_record
TN:
SF:/home/alpha/Documents/DOCKER/covid19-leaflet-docker/src/components/map/plugins/Vue2LeafletMarkercluster.vue
FN:15,(anonymous_1)
FN:20,(anonymous_2)
FN:25,(anonymous_3)
FN:32,(anonymous_4)
FN:36,(anonymous_5)
FN:40,(anonymous_6)
FN:45,(anonymous_7)
FNF:7
FNH:0
FNDA:0,(anonymous_1)
FNDA:0,(anonymous_2)
FNDA:0,(anonymous_3)
FNDA:0,(anonymous_4)
FNDA:0,(anonymous_5)
FNDA:0,(anonymous_6)
FNDA:0,(anonymous_7)
DA:8,2
DA:9,2
DA:10,2
DA:12,2
DA:15,0
DA:21,0
DA:26,0
DA:27,0
DA:28,0
DA:29,0
DA:30,0
DA:31,0
DA:32,0
DA:33,0
DA:37,0
DA:41,0
DA:42,0
DA:46,0
DA:47,0
LF:19
LH:4
BRDA:41,0,0,0
BRDA:41,0,1,0
BRDA:46,1,0,0
BRDA:46,1,1,0
BRF:4
BRH:0
end_of_record
TN:
SF:/home/alpha/Documents/DOCKER/covid19-leaflet-docker/src/components/map/plugins/leaflet-tilelayer-subpixel-fix.js
FN:4,(anonymous_0)
FN:10,(anonymous_1)
FNF:2
FNH:1
FNDA:2,(anonymous_0)
FNDA:0,(anonymous_1)
DA:4,2
DA:5,2
DA:7,2
DA:9,2
DA:11,0
DA:13,0
DA:15,0
DA:16,0
LF:8
LH:4
BRDA:5,0,0,0
BRDA:5,0,1,2
BRDA:5,1,0,2
BRDA:5,1,1,2
BRDA:5,1,2,2
BRF:5
BRH:4
end_of_record
TN:
SF:/home/alpha/Documents/DOCKER/covid19-leaflet-docker/src/components/navigation/Autocomplete.vue
FN:21,(anonymous_1)
FN:30,(anonymous_2)
FN:38,(anonymous_3)
FN:43,(anonymous_4)
FN:45,(anonymous_5)
FN:47,(anonymous_6)
FNF:6
FNH:0
FNDA:0,(anonymous_1)
FNDA:0,(anonymous_2)
FNDA:0,(anonymous_3)
FNDA:0,(anonymous_4)
FNDA:0,(anonymous_5)
FNDA:0,(anonymous_6)
DA:18,1
DA:22,0
DA:31,0
DA:32,0
DA:39,0
DA:44,0
DA:45,0
DA:46,0
DA:47,0
DA:48,0
DA:49,0
DA:52,0
LF:12
LH:1
BRDA:31,0,0,0
BRDA:31,0,1,0
BRDA:31,0,2,0
BRDA:48,1,0,0
BRDA:48,1,1,0
BRF:5
BRH:0
end_of_record
TN:
SF:/home/alpha/Documents/DOCKER/covid19-leaflet-docker/src/components/navigation/DarkModeButton.vue
FN:29,(anonymous_1)
FNF:1
FNH:0
FNDA:0,(anonymous_1)
DA:24,1
DA:30,0
DA:31,0
LF:3
LH:1
BRF:0
BRH:0
end_of_record
TN:
SF:/home/alpha/Documents/DOCKER/covid19-leaflet-docker/src/layouts/Footer.vue
FN:12,(anonymous_1)
FNF:1
FNH:0
FNDA:0,(anonymous_1)
DA:13,0
LF:1
LH:0
BRF:0
BRH:0
end_of_record
TN:
SF:/home/alpha/Documents/DOCKER/covid19-leaflet-docker/src/layouts/Navigation.vue
FN:21,(anonymous_1)
FNF:1
FNH:0
FNDA:0,(anonymous_1)
DA:13,1
DA:14,1
DA:22,0
LF:3
LH:2
BRF:0
BRH:0
end_of_record
TN:
SF:/home/alpha/Documents/DOCKER/covid19-leaflet-docker/src/pages/Dashboard.vue
FN:62,(anonymous_1)
FN:85,(anonymous_2)
FN:89,(anonymous_3)
FNF:3
FNH:2
FNDA:1,(anonymous_1)
FNDA:0,(anonymous_2)
FNDA:1,(anonymous_3)
DA:51,2
DA:52,2
DA:53,2
DA:54,2
DA:55,2
DA:56,2
DA:57,2
DA:58,2
DA:59,2
DA:63,1
DA:86,0
DA:90,1
DA:91,0
DA:92,0
LF:14
LH:11
BRDA:86,0,0,0
BRDA:86,0,1,0
BRF:2
BRH:0
end_of_record
TN:
SF:/home/alpha/Documents/DOCKER/covid19-leaflet-docker/src/plugins/vuetify.js
FNF:0
FNH:0
DA:7,0
DA:8,0
LF:2
LH:0
BRF:0
BRH:0
end_of_record
TN:
SF:/home/alpha/Documents/DOCKER/covid19-leaflet-docker/src/store/index.js
FNF:0
FNH:0
DA:5,0
DA:7,0
LF:2
LH:0
BRF:0
BRH:0
end_of_record
TN:
SF:/home/alpha/Documents/DOCKER/covid19-leaflet-docker/src/store/modules/dashboard.js
FN:18,(anonymous_0)
FN:21,(anonymous_1)
FN:24,(anonymous_2)
FN:27,(anonymous_3)
FN:30,(anonymous_4)
FN:33,(anonymous_5)
FN:36,(anonymous_6)
FN:39,(anonymous_7)
FN:42,(anonymous_8)
FN:45,(anonymous_9)
FN:48,(anonymous_10)
FN:51,(anonymous_11)
FN:54,(anonymous_12)
FN:59,(anonymous_13)
FN:62,(anonymous_14)
FN:65,(anonymous_15)
FN:68,(anonymous_16)
FN:71,(anonymous_17)
FN:74,(anonymous_18)
FN:77,(anonymous_19)
FN:80,(anonymous_20)
FN:83,(anonymous_21)
FN:86,(anonymous_22)
FN:89,(anonymous_23)
FN:92,(anonymous_24)
FN:93,(anonymous_25)
FN:101,(anonymous_26)
FN:102,(anonymous_27)
FN:105,(anonymous_28)
FN:109,(anonymous_29)
FN:112,(anonymous_30)
FN:115,(anonymous_31)
FN:121,(anonymous_32)
FN:127,(anonymous_33)
FN:128,(anonymous_34)
FN:131,(anonymous_35)
FN:136,(anonymous_36)
FN:139,(anonymous_37)
FNF:38
FNH:13
FNDA:0,(anonymous_0)
FNDA:0,(anonymous_1)
FNDA:2,(anonymous_2)
FNDA:3,(anonymous_3)
FNDA:0,(anonymous_4)
FNDA:0,(anonymous_5)
FNDA:0,(anonymous_6)
FNDA:1,(anonymous_7)
FNDA:1,(anonymous_8)
FNDA:1,(anonymous_9)
FNDA:1,(anonymous_10)
FNDA:0,(anonymous_11)
FNDA:1,(anonymous_12)
FNDA:0,(anonymous_13)
FNDA:0,(anonymous_14)
FNDA:0,(anonymous_15)
FNDA:0,(anonymous_16)
FNDA:0,(anonymous_17)
FNDA:0,(anonymous_18)
FNDA:0,(anonymous_19)
FNDA:2,(anonymous_20)
FNDA:0,(anonymous_21)
FNDA:0,(anonymous_22)
FNDA:0,(anonymous_23)
FNDA:2,(anonymous_24)
FNDA:2,(anonymous_25)
FNDA:0,(anonymous_26)
FNDA:0,(anonymous_27)
FNDA:0,(anonymous_28)
FNDA:0,(anonymous_29)
FNDA:0,(anonymous_30)
FNDA:1,(anonymous_31)
FNDA:2,(anonymous_32)
FNDA:0,(anonymous_33)
FNDA:0,(anonymous_34)
FNDA:0,(anonymous_35)
FNDA:0,(anonymous_36)
FNDA:1,(anonymous_37)
DA:2,2
DA:17,2
DA:19,0
DA:22,0
DA:25,2
DA:28,3
DA:31,0
DA:34,0
DA:37,0
DA:40,1
DA:43,1
DA:46,1
DA:49,1
DA:52,0
DA:55,1
DA:58,2
DA:60,0
DA:63,0
DA:66,0
DA:69,0
DA:72,0
DA:75,0
DA:78,0
DA:81,2
DA:84,0
DA:87,0
DA:90,0
DA:93,2
DA:94,2
DA:95,1
DA:100,2
DA:102,0
DA:103,0
DA:106,0
DA:107,0
DA:109,0
DA:113,0
DA:116,1
DA:117,1
DA:118,1
DA:119,1
DA:122,2
DA:123,2
DA:124,2
DA:125,1
DA:128,0
DA:129,0
DA:132,0
DA:133,0
DA:134,0
DA:136,0
DA:140,1
DA:141,1
DA:147,1
DA:148,1
DA:149,1
DA:151,0
LF:57
LH:28
BRDA:94,0,0,1
BRDA:94,0,1,1
BRDA:148,1,0,1
BRDA:148,1,1,0
BRF:4
BRH:3
end_of_record
TN:
SF:/home/alpha/Documents/DOCKER/covid19-leaflet-docker/src/store/modules/navigation.js
FN:1,(anonymous_0)
FN:5,(anonymous_1)
FN:8,(anonymous_2)
FN:13,(anonymous_3)
FNF:4
FNH:0
FNDA:0,(anonymous_0)
FNDA:0,(anonymous_1)
FNDA:0,(anonymous_2)
FNDA:0,(anonymous_3)
DA:1,0
DA:4,0
DA:5,0
DA:7,0
DA:9,0
DA:12,0
DA:14,0
LF:7
LH:0
BRF:0
BRH:0
end_of_record
