TN:
SF:/home/alpha/Documents/DOCKER/covid19-leaflet-docker/src/App.vue
FN:26,(anonymous_1)
FNF:1
FNH:1
FNDA:1,(anonymous_1)
DA:14,1
DA:15,1
DA:16,1
DA:27,1
LF:4
LH:4
BRDA:27,0,0,0
BRDA:27,0,1,1
BRF:2
BRH:1
end_of_record
TN:
SF:/home/alpha/Documents/DOCKER/covid19-leaflet-docker/src/components/dashboard/ChartSummaryCountry.vue
FN:72,(anonymous_1)
FN:122,(anonymous_2)
FN:125,(anonymous_3)
FN:131,(anonymous_4)
FN:135,(anonymous_5)
FN:136,(anonymous_6)
FN:173,(anonymous_8)
FN:186,(anonymous_9)
FNF:8
FNH:0
FNDA:0,(anonymous_1)
FNDA:0,(anonymous_2)
FNDA:0,(anonymous_3)
FNDA:0,(anonymous_4)
FNDA:0,(anonymous_5)
FNDA:0,(anonymous_6)
FNDA:0,(anonymous_8)
FNDA:0,(anonymous_9)
DA:64,2
DA:65,2
DA:66,2
DA:73,0
DA:123,0
DA:126,0
DA:127,0
DA:132,0
DA:136,0
DA:151,0
DA:152,0
DA:153,0
DA:154,0
DA:174,0
DA:187,0
DA:188,0
DA:189,0
DA:191,0
DA:192,0
DA:196,0
DA:198,0
DA:199,0
DA:203,0
DA:205,0
DA:206,0
DA:210,0
DA:212,0
DA:213,0
DA:217,0
DA:219,0
DA:223,0
LF:31
LH:3
BRDA:126,0,0,0
BRDA:126,0,1,0
BRDA:176,1,0,0
BRDA:176,1,1,0
BRDA:179,2,0,0
BRDA:179,2,1,0
BRDA:181,3,0,0
BRDA:181,3,1,0
BRDA:190,4,0,0
BRDA:190,4,1,0
BRDA:190,4,2,0
BRDA:190,4,3,0
BRDA:190,4,4,0
BRDA:190,4,5,0
BRF:14
BRH:0
end_of_record
TN:
SF:/home/alpha/Documents/DOCKER/covid19-leaflet-docker/src/components/dashboard/SummaryCountry.vue
FN:26,(anonymous_1)
FN:32,(anonymous_2)
FN:39,(anonymous_3)
FN:43,(anonymous_4)
FN:44,(anonymous_5)
FNF:5
FNH:3
FNDA:2,(anonymous_1)
FNDA:0,(anonymous_2)
FNDA:2,(anonymous_3)
FNDA:2,(anonymous_4)
FNDA:0,(anonymous_5)
DA:22,3
DA:23,3
DA:27,2
DA:33,0
DA:40,2
DA:44,2
DA:46,0
LF:7
LH:5
BRDA:46,0,0,0
BRDA:46,0,1,0
BRF:2
BRH:0
end_of_record
TN:
SF:/home/alpha/Documents/DOCKER/covid19-leaflet-docker/src/components/dashboard/SummaryGlobal.vue
FN:17,(anonymous_1)
FN:23,(anonymous_2)
FN:24,(anonymous_3)
FNF:3
FNH:0
FNDA:0,(anonymous_1)
FNDA:0,(anonymous_2)
FNDA:0,(anonymous_3)
DA:14,2
DA:18,0
DA:24,0
LF:3
LH:1
BRF:0
BRH:0
end_of_record
TN:
SF:/home/alpha/Documents/DOCKER/covid19-leaflet-docker/src/components/map/LeafletMap.vue
FN:62,(anonymous_1)
FN:77,(anonymous_2)
FN:83,(anonymous_3)
FN:86,(anonymous_4)
FN:87,(anonymous_5)
FN:94,(anonymous_6)
FN:95,(anonymous_7)
FN:96,(anonymous_8)
FN:99,(anonymous_9)
FN:101,(anonymous_10)
FN:116,(anonymous_11)
FNF:11
FNH:0
FNDA:0,(anonymous_1)
FNDA:0,(anonymous_2)
FNDA:0,(anonymous_3)
FNDA:0,(anonymous_4)
FNDA:0,(anonymous_5)
FNDA:0,(anonymous_6)
FNDA:0,(anonymous_7)
FNDA:0,(anonymous_8)
FNDA:0,(anonymous_9)
FNDA:0,(anonymous_10)
FNDA:0,(anonymous_11)
DA:38,2
DA:39,2
DA:40,2
DA:41,2
DA:42,2
DA:43,2
DA:44,2
DA:46,2
DA:47,2
DA:63,0
DA:78,0
DA:79,0
DA:84,0
DA:85,0
DA:86,0
DA:87,0
DA:88,0
DA:94,0
DA:95,0
DA:97,0
DA:100,0
DA:101,0
DA:104,0
DA:105,0
DA:106,0
DA:110,0
DA:112,0
DA:117,0
DA:122,0
LF:29
LH:9
BRDA:78,0,0,0
BRDA:78,0,1,0
BRDA:78,1,0,0
BRDA:78,1,1,0
BRDA:105,2,0,0
BRDA:105,2,1,0
BRF:6
BRH:0
end_of_record
TN:
SF:/home/alpha/Documents/DOCKER/covid19-leaflet-docker/src/components/map/plugins/Vue2LeafletMarkercluster.vue
FN:15,(anonymous_1)
FN:20,(anonymous_2)
FN:25,(anonymous_3)
FN:32,(anonymous_4)
FN:36,(anonymous_5)
FN:40,(anonymous_6)
FN:45,(anonymous_7)
FNF:7
FNH:0
FNDA:0,(anonymous_1)
FNDA:0,(anonymous_2)
FNDA:0,(anonymous_3)
FNDA:0,(anonymous_4)
FNDA:0,(anonymous_5)
FNDA:0,(anonymous_6)
FNDA:0,(anonymous_7)
DA:8,2
DA:9,2
DA:10,2
DA:12,2
DA:15,0
DA:21,0
DA:26,0
DA:27,0
DA:28,0
DA:29,0
DA:30,0
DA:31,0
DA:32,0
DA:33,0
DA:37,0
DA:41,0
DA:42,0
DA:46,0
DA:47,0
LF:19
LH:4
BRDA:41,0,0,0
BRDA:41,0,1,0
BRDA:46,1,0,0
BRDA:46,1,1,0
BRF:4
BRH:0
end_of_record
TN:
SF:/home/alpha/Documents/DOCKER/covid19-leaflet-docker/src/components/map/plugins/leaflet-tilelayer-subpixel-fix.js
FN:4,(anonymous_0)
FN:10,(anonymous_1)
FNF:2
FNH:1
FNDA:2,(anonymous_0)
FNDA:0,(anonymous_1)
DA:4,2
DA:5,2
DA:7,2
DA:9,2
DA:11,0
DA:13,0
DA:15,0
DA:16,0
LF:8
LH:4
BRDA:5,0,0,0
BRDA:5,0,1,2
BRDA:5,1,0,2
BRDA:5,1,1,2
BRDA:5,1,2,2
BRF:5
BRH:4
end_of_record
TN:
SF:/home/alpha/Documents/DOCKER/covid19-leaflet-docker/src/components/navigation/Autocomplete.vue
FN:22,(anonymous_1)
FN:32,(anonymous_2)
FN:37,(anonymous_3)
FN:38,(anonymous_4)
FN:46,(anonymous_5)
FN:48,(anonymous_6)
FN:50,(anonymous_7)
FNF:7
FNH:0
FNDA:0,(anonymous_1)
FNDA:0,(anonymous_2)
FNDA:0,(anonymous_3)
FNDA:0,(anonymous_4)
FNDA:0,(anonymous_5)
FNDA:0,(anonymous_6)
FNDA:0,(anonymous_7)
DA:18,1
DA:19,1
DA:23,0
DA:33,0
DA:34,0
DA:38,0
DA:47,0
DA:48,0
DA:49,0
DA:50,0
DA:51,0
DA:52,0
DA:55,0
LF:13
LH:2
BRDA:33,0,0,0
BRDA:33,0,1,0
BRDA:33,0,2,0
BRDA:51,1,0,0
BRDA:51,1,1,0
BRF:5
BRH:0
end_of_record
TN:
SF:/home/alpha/Documents/DOCKER/covid19-leaflet-docker/src/components/navigation/DarkModeButton.vue
FN:29,(anonymous_1)
FNF:1
FNH:0
FNDA:0,(anonymous_1)
DA:24,1
DA:30,0
DA:31,0
LF:3
LH:1
BRF:0
BRH:0
end_of_record
TN:
SF:/home/alpha/Documents/DOCKER/covid19-leaflet-docker/src/layouts/Navigation.vue
FNF:0
FNH:0
DA:13,1
DA:14,1
LF:2
LH:2
BRF:0
BRH:0
end_of_record
TN:
SF:/home/alpha/Documents/DOCKER/covid19-leaflet-docker/src/pages/Dashboard.vue
FN:36,(anonymous_1)
FN:48,(anonymous_2)
FNF:2
FNH:1
FNDA:1,(anonymous_1)
FNDA:0,(anonymous_2)
DA:30,2
DA:31,2
DA:32,2
DA:33,2
DA:37,1
DA:49,0
LF:6
LH:5
BRDA:49,0,0,0
BRDA:49,0,1,0
BRF:2
BRH:0
end_of_record
TN:
SF:/home/alpha/Documents/DOCKER/covid19-leaflet-docker/src/plugins/vuetify.js
FNF:0
FNH:0
DA:7,0
DA:8,0
LF:2
LH:0
BRF:0
BRH:0
end_of_record
TN:
SF:/home/alpha/Documents/DOCKER/covid19-leaflet-docker/src/store/index.js
FNF:0
FNH:0
DA:5,0
DA:7,0
LF:2
LH:0
BRF:0
BRH:0
end_of_record
TN:
SF:/home/alpha/Documents/DOCKER/covid19-leaflet-docker/src/store/modules/map.js
FN:2,(anonymous_0)
FNF:1
FNH:0
FNDA:0,(anonymous_0)
DA:2,0
DA:5,0
DA:8,0
DA:10,0
LF:4
LH:0
BRF:0
BRH:0
end_of_record
TN:
SF:/home/alpha/Documents/DOCKER/covid19-leaflet-docker/src/store/modules/navigation.js
FN:2,(anonymous_0)
FN:10,(anonymous_1)
FN:11,(anonymous_2)
FN:16,(anonymous_3)
FN:19,(anonymous_4)
FN:26,(anonymous_5)
FN:29,(anonymous_6)
FNF:7
FNH:1
FNDA:0,(anonymous_0)
FNDA:0,(anonymous_1)
FNDA:3,(anonymous_2)
FNDA:0,(anonymous_3)
FNDA:0,(anonymous_4)
FNDA:0,(anonymous_5)
FNDA:0,(anonymous_6)
DA:2,1
DA:9,1
DA:10,0
DA:11,3
DA:15,1
DA:17,0
DA:20,0
DA:25,1
DA:27,0
DA:30,0
LF:10
LH:5
BRF:0
BRH:0
end_of_record
